<?xml version="1.0" encoding="UTF-8" ?>
<testsuite errors="0" failures="0" hostname="MALLICKH2" name="net.sourceforge.tess4j.util.PdfUtilitiesTest" skipped="0" tests="5" time="3.193" timestamp="2016-05-18T12:28:36">
  <properties>
    <property name="default.javac.source" value="1.4" />
    <property name="file.encoding.pkg" value="sun.io" />
    <property name="jnlp.signing.alias" value="" />
    <property name="javac.source" value="1.7" />
    <property name="testng.debug.mode" value="" />
    <property name="java.home" value="C:\Program Files\Java\jre1.8.0_92" />
    <property name="test.src.dir" value="test" />
    <property name="javadoc.version" value="false" />
    <property name="jnlp.mixed.code" value="default" />
    <property name="libraries.path" value="C:\Users\mallickh\workspace\Tessract\Tess4J\lib\nblibraries.properties" />
    <property name="java.endorsed.dirs" value="C:\Program Files\Java\jre1.8.0_92\lib\endorsed" />
    <property name="src.dir" value="src" />
    <property name="debug-args-line" value="-Xdebug" />
    <property name="build.sysclasspath" value="ignore" />
    <property name="have.sources" value="true" />
    <property name="includes" value="**" />
    <property name="javac.fork" value="false" />
    <property name="source.encoding" value="UTF-8" />
    <property name="sun.os.patch.level" value="Service Pack 1" />
    <property name="java.vendor.url" value="http://java.oracle.com/" />
    <property name="java.version" value="1.8.0_92" />
    <property name="eclipse.pdebuild.home" value="/C:/Users/mallickh/eclipse/jee-mars/eclipse/../../../.p2/pool/plugins/org.eclipse.pde.build_3.9.100.v20150521-1524/./" />
    <property name="build.generated.subdirs" value="" />
    <property name="javac.debug" value="false" />
    <property name="application.desc" value="A Java wrapper for Tesseract OCR API" />
    <property name="run.classpath" value="lib/jai-imageio-core-1.3.1.jar:lib/ghost4j-1.0.1.jar:lib/jul-to-slf4j-1.7.21.jar:lib/rococoa-core-0.5.jar:lib/logback-classic-1.1.7.jar:lib/logback-core-1.1.7.jar:lib/jna-4.1.0.jar:lib/lept4j-1.2.2.jar:lib/log4j-1.2.17.jar:lib/itext-2.1.7.jar:lib/commons-beanutils-1.9.2.jar:lib/commons-logging-1.2.jar:lib/slf4j-api-1.7.21.jar:lib/commons-io-2.5.jar:build/classes" />
    <property name="java.vendor.url.bug" value="http://bugreport.sun.com/bugreport/" />
    <property name="ant.project.invoked-targets" value="default" />
    <property name="annotation.processing.run.all.processors" value="true" />
    <property name="user.name" value="mallickh" />
    <property name="jnlp.enabled" value="false" />
    <property name="empty.dir" value="C:\Users\mallickh\workspace\Tessract\Tess4J\build\empty" />
    <property name="sun.io.unicode.encoding" value="UnicodeLittle" />
    <property name="sun.jnu.encoding" value="Cp1252" />
    <property name="java.runtime.name" value="Java(TM) SE Runtime Environment" />
    <property name="application.vendor" value="Quan Nguyen" />
    <property name="java.specification.name" value="Java Platform API Specification" />
    <property name="javadoc.author" value="false" />
    <property name="ap.proc.none.internal" value="" />
    <property name="user.timezone" value="" />
    <property name="user.script" value="" />
    <property name="path.separator" value=";" />
    <property name="testng.mode" value="testng" />
    <property name="version-output" value="java version &quot;1.8" />
    <property name="jnlp.signing" value="" />
    <property name="file.encoding" value="Cp1252" />
    <property name="dist.javadoc.dir" value="dist/javadoc" />
    <property name="ant.project.default-target" value="default" />
    <property name="javac.profile.cmd.line.arg" value="" />
    <property name="sun.java.command" value="org.apache.tools.ant.taskdefs.optional.junit.JUnitTestRunner net.sourceforge.tess4j.util.PdfUtilitiesTest skipNonTests=false filtertrace=true haltOnError=false haltOnFailure=false showoutput=true outputtoformatters=true logfailedtests=true threadid=0 logtestlistenerevents=false formatter=org.apache.tools.ant.taskdefs.optional.junit.BriefJUnitResultFormatter formatter=org.apache.tools.ant.taskdefs.optional.junit.XMLJUnitResultFormatter,C:\Users\mallickh\workspace\Tessract\Tess4J\build\test\results\TEST-net.sourceforge.tess4j.util.PdfUtilitiesTest.xml crashfile=C:\Users\mallickh\workspace\Tessract\Tess4J\build\junitvmwatcher8505231693517614275.properties propsfile=C:\Users\mallickh\workspace\Tessract\Tess4J\build\junit4454555650564052386.properties" />
    <property name="built-jar.properties" value="C:\Users\mallickh\workspace\Tessract\Tess4J\build\built-jar.properties" />
    <property name="ant.file" value="C:\Users\mallickh\workspace\Tessract\Tess4J\build.xml" />
    <property name="junit.available" value="true" />
    <property name="do.jar" value="true" />
    <property name="java.io.tmpdir" value="C:\Users\mallickh\AppData\Local\Temp\" />
    <property name="build.test.results.dir" value="build/test/results" />
    <property name="user.language" value="en" />
    <property name="line.separator" value="&#xd;&#xa;" />
    <property name="libs.junit_4.displayName" value="JUnit 4.12" />
    <property name="javac.compilerargs" value="" />
    <property name="jar.compress" value="false" />
    <property name="debug-transport-by-os" value="dt_shmem" />
    <property name="ant.file.Tess4J-impl" value="C:\Users\mallickh\workspace\Tessract\Tess4J\nbproject\build-impl.xml" />
    <property name="do.depend.true" value="true" />
    <property name="java.vm.info" value="mixed mode" />
    <property name="javadoc.private" value="false" />
    <property name="annotation.processing.processors.list" value="" />
    <property name="sun.desktop" value="windows" />
    <property name="java.vm.specification.name" value="Java Virtual Machine Specification" />
    <property name="build.test.classes.dir" value="build/test/classes" />
    <property name="version" value="3.2" />
    <property name="ant.file.type.Tess4J-impl" value="file" />
    <property name="test.binaryexcludes" value="" />
    <property name="file.reference.log4j-1.2.17.jar" value="lib/log4j-1.2.17.jar" />
    <property name="platform.active" value="default_platform" />
    <property name="ap.cmd.line.internal" value="" />
    <property name="jdkBug6558476" value="false" />
    <property name="java.failonerror" value="true" />
    <property name="endorsed.classpath" value="" />
    <property name="eclipse.pdebuild.templates" value="/C:/Users/mallickh/eclipse/jee-mars/eclipse/../../../.p2/pool/plugins/org.eclipse.pde.build_3.9.100.v20150521-1524/templates/" />
    <property name="javadoc.encoding" value="UTF-8" />
    <property name="java.awt.printerjob" value="sun.awt.windows.WPrinterJob" />
    <property name="ap.processors.internal" value="" />
    <property name="do.archive" value="true" />
    <property name="dist.jar" value="dist/tess4j-3.2.jar" />
    <property name="meta.inf.dir" value="src/META-INF" />
    <property name="ant.version" value="Apache Ant(TM) version 1.9.6 compiled on June 29 2015" />
    <property name="ant.file.Tess4J" value="C:\Users\mallickh\workspace\Tessract\Tess4J\build.xml" />
    <property name="javadoc.nonavbar" value="false" />
    <property name="user.properties.file" value="C:\Users\Quan\AppData\Roaming\NetBeans\8.1\build.properties" />
    <property name="javac.external.vm" value="false" />
    <property name="file.reference.rococoa-core-0.5.jar" value="lib/rococoa-core-0.5.jar" />
    <property name="annotation.processing.source.output" value="build/generated-sources/ap-source-output" />
    <property name="build.generated.dir" value="build/generated" />
    <property name="os.name" value="Windows 7" />
    <property name="java.specification.vendor" value="Oracle Corporation" />
    <property name="run.test.classpath" value="lib/jai-imageio-core-1.3.1.jar:lib/ghost4j-1.0.1.jar:lib/jul-to-slf4j-1.7.21.jar:lib/rococoa-core-0.5.jar:lib/logback-classic-1.1.7.jar:lib/logback-core-1.1.7.jar:lib/jna-4.1.0.jar:lib/lept4j-1.2.2.jar:lib/log4j-1.2.17.jar:lib/itext-2.1.7.jar:lib/commons-beanutils-1.9.2.jar:lib/commons-logging-1.2.jar:lib/slf4j-api-1.7.21.jar:lib/commons-io-2.5.jar:build/classes:C:/Users/mallickh/workspace/Tessract/Tess4J/lib/junit-4.12.jar:C:/Users/mallickh/workspace/Tessract/Tess4J/lib/hamcrest-core-1.3.jar:build/test/classes" />
    <property name="java.vm.name" value="Java HotSpot(TM) 64-Bit Server VM" />
    <property name="ant.file.type.Tess4J" value="file" />
    <property name="ap.supported.internal" value="true" />
    <property name="java.library.path" value="C:\Program Files\Java\jre1.8.0_92\bin;C:\windows\Sun\Java\bin;C:\windows\system32;C:\windows;C:/Program Files/Java/jre1.8.0_92/bin/server;C:/Program Files/Java/jre1.8.0_92/bin;C:/Program Files/Java/jre1.8.0_92/lib/amd64;C:\ProgramData\Oracle\Java\javapath;C:\windows\system32;C:\windows;C:\windows\System32\Wbem;C:\windows\System32\WindowsPowerShell\v1.0\;C:\Program Files\ActivIdentity\ActivClient\;C:\Program Files (x86)\ActivIdentity\ActivClient\;C:\windows\System32\WindowsPowerShell\v1.0\;C:\apache-ant-1.9.4\bin;C:\Program Files (x86)\HP\Unified Functional Testing\bin;C:\Program Files\Java\jdk1.8.0_92\bin;;C:\windows\system32;;." />
    <property name="file.reference.slf4j-api-1.7.21.jar" value="lib/slf4j-api-1.7.21.jar" />
    <property name="file.reference.ghost4j-1.0.1.jar" value="lib/ghost4j-1.0.1.jar" />
    <property name="eclipse.pdebuild.scripts" value="/C:/Users/mallickh/eclipse/jee-mars/eclipse/../../../.p2/pool/plugins/org.eclipse.pde.build_3.9.100.v20150521-1524/scripts/" />
    <property name="ant.java.version" value="1.8" />
    <property name="basedir" value="C:\Users\mallickh\workspace\Tessract\Tess4J" />
    <property name="javadoc.noindex" value="false" />
    <property name="java.class.version" value="52.0" />
    <property name="javac.test.classpath" value="lib/jai-imageio-core-1.3.1.jar:lib/ghost4j-1.0.1.jar:lib/jul-to-slf4j-1.7.21.jar:lib/rococoa-core-0.5.jar:lib/logback-classic-1.1.7.jar:lib/logback-core-1.1.7.jar:lib/jna-4.1.0.jar:lib/lept4j-1.2.2.jar:lib/log4j-1.2.17.jar:lib/itext-2.1.7.jar:lib/commons-beanutils-1.9.2.jar:lib/commons-logging-1.2.jar:lib/slf4j-api-1.7.21.jar:lib/commons-io-2.5.jar:build/classes:C:/Users/mallickh/workspace/Tessract/Tess4J/lib/junit-4.12.jar:C:/Users/mallickh/workspace/Tessract/Tess4J/lib/hamcrest-core-1.3.jar" />
    <property name="javac.processorpath" value="lib/jai-imageio-core-1.3.1.jar:lib/ghost4j-1.0.1.jar:lib/jul-to-slf4j-1.7.21.jar:lib/rococoa-core-0.5.jar:lib/logback-classic-1.1.7.jar:lib/logback-core-1.1.7.jar:lib/jna-4.1.0.jar:lib/lept4j-1.2.2.jar:lib/log4j-1.2.17.jar:lib/itext-2.1.7.jar:lib/commons-beanutils-1.9.2.jar:lib/commons-logging-1.2.jar:lib/slf4j-api-1.7.21.jar:lib/commons-io-2.5.jar" />
    <property name="ant.home" value="C:\Users\mallickh\.p2\pool\plugins\org.apache.ant_1.9.6.v201510161327" />
    <property name="javadoc.splitindex" value="true" />
    <property name="javac.test.processorpath" value="lib/jai-imageio-core-1.3.1.jar:lib/ghost4j-1.0.1.jar:lib/jul-to-slf4j-1.7.21.jar:lib/rococoa-core-0.5.jar:lib/logback-classic-1.1.7.jar:lib/logback-core-1.1.7.jar:lib/jna-4.1.0.jar:lib/lept4j-1.2.2.jar:lib/log4j-1.2.17.jar:lib/itext-2.1.7.jar:lib/commons-beanutils-1.9.2.jar:lib/commons-logging-1.2.jar:lib/slf4j-api-1.7.21.jar:lib/commons-io-2.5.jar:build/classes:C:/Users/mallickh/workspace/Tessract/Tess4J/lib/junit-4.12.jar:C:/Users/mallickh/workspace/Tessract/Tess4J/lib/hamcrest-core-1.3.jar" />
    <property name="file.reference.lept4j-1.2.2.jar" value="lib/lept4j-1.2.2.jar" />
    <property name="javadoc.preview" value="true" />
    <property name="copylibs.rebase" value="true" />
    <property name="file.reference.jul-to-slf4j-1.7.21.jar" value="lib/jul-to-slf4j-1.7.21.jar" />
    <property name="jnlp.signing.keystore" value="" />
    <property name="junit.forkmode" value="perTest" />
    <property name="test.binarytestincludes" value="" />
    <property name="libs.junit_4.classpath" value="C:/Users/mallickh/workspace/Tessract/Tess4J/lib/junit-4.12.jar" />
    <property name="sun.boot.library.path" value="C:\Program Files\Java\jre1.8.0_92\bin" />
    <property name="build.dir" value="build" />
    <property name="application.title" value="Tess4J" />
    <property name="sun.management.compiler" value="HotSpot 64-Bit Tiered Compilers" />
    <property name="java.awt.graphicsenv" value="sun.awt.Win32GraphicsEnvironment" />
    <property name="user.variant" value="" />
    <property name="javadoc.encoding.used" value="UTF-8" />
    <property name="libraries.dir.nativedirsep" value="C:\Users\mallickh\workspace\Tessract\Tess4J\lib" />
    <property name="javadoc.windowtitle" value="Tess4J API" />
    <property name="libs.hamcrest.classpath" value="C:/Users/mallickh/workspace/Tessract/Tess4J/lib/hamcrest-core-1.3.jar" />
    <property name="run.jvmargs.ide" value="" />
    <property name="annotation.processing.enabled" value="true" />
    <property name="file.reference.commons-io-2.5.jar" value="lib/commons-io-2.5.jar" />
    <property name="build.generated.sources.dir" value="build/generated-sources" />
    <property name="nb.junit.single" value="false" />
    <property name="run.jvmargs" value="" />
    <property name="ant.project.name" value="Tess4J" />
    <property name="java.vm.specification.version" value="1.8" />
    <property name="file.reference.commons-beanutils-1.9.2.jar" value="lib/commons-beanutils-1.9.2.jar" />
    <property name="work.dir" value="C:\Users\mallickh\workspace\Tessract\Tess4J" />
    <property name="awt.toolkit" value="sun.awt.windows.WToolkit" />
    <property name="javadoc.use" value="true" />
    <property name="sun.cpu.isalist" value="amd64" />
    <property name="file.reference.commons-logging-1.2.jar" value="lib/commons-logging-1.2.jar" />
    <property name="java.ext.dirs" value="C:\Program Files\Java\jre1.8.0_92\lib\ext;C:\windows\Sun\Java\lib\ext" />
    <property name="os.version" value="6.1" />
    <property name="excludes" value="" />
    <property name="jnlp.descriptor" value="application" />
    <property name="user.home" value="C:\Users\mallickh" />
    <property name="libraries.basename" value="nblibraries" />
    <property name="java.vm.vendor" value="Oracle Corporation" />
    <property name="file.reference.itext-2.1.7.jar" value="lib/itext-2.1.7.jar" />
    <property name="user.dir" value="C:\Users\mallickh\workspace\Tessract\Tess4J" />
    <property name="debug-transport" value="dt_shmem" />
    <property name="application.args" value="" />
    <property name="sun.cpu.endian" value="little" />
    <property name="compile.on.save" value="true" />
    <property name="endorsed.classpath.cmd.line.arg" value="" />
    <property name="jar.index" value="false" />
    <property name="jnlp.offline-allowed" value="false" />
    <property name="libraries.dir" value="C:/Users/mallickh/workspace/Tessract/Tess4J/lib" />
    <property name="libs.hamcrest.displayName" value="Hamcrest 1.3" />
    <property name="java.vm.version" value="25.92-b14" />
    <property name="test.binaryincludes" value="&lt;nothing&gt;" />
    <property name="java.class.path" value="C:\Users\mallickh\workspace\Tessract\Tess4J\lib\jai-imageio-core-1.3.1.jar;C:\Users\mallickh\workspace\Tessract\Tess4J\lib\ghost4j-1.0.1.jar;C:\Users\mallickh\workspace\Tessract\Tess4J\lib\jul-to-slf4j-1.7.21.jar;C:\Users\mallickh\workspace\Tessract\Tess4J\lib\rococoa-core-0.5.jar;C:\Users\mallickh\workspace\Tessract\Tess4J\lib\logback-classic-1.1.7.jar;C:\Users\mallickh\workspace\Tessract\Tess4J\lib\logback-core-1.1.7.jar;C:\Users\mallickh\workspace\Tessract\Tess4J\lib\jna-4.1.0.jar;C:\Users\mallickh\workspace\Tessract\Tess4J\lib\lept4j-1.2.2.jar;C:\Users\mallickh\workspace\Tessract\Tess4J\lib\log4j-1.2.17.jar;C:\Users\mallickh\workspace\Tessract\Tess4J\lib\itext-2.1.7.jar;C:\Users\mallickh\workspace\Tessract\Tess4J\lib\commons-beanutils-1.9.2.jar;C:\Users\mallickh\workspace\Tessract\Tess4J\lib\commons-logging-1.2.jar;C:\Users\mallickh\workspace\Tessract\Tess4J\lib\slf4j-api-1.7.21.jar;C:\Users\mallickh\workspace\Tessract\Tess4J\lib\commons-io-2.5.jar;C:\Users\mallickh\workspace\Tessract\Tess4J\build\classes;C:\Users\mallickh\workspace\Tessract\Tess4J\lib\junit-4.12.jar;C:\Users\mallickh\workspace\Tessract\Tess4J\lib\hamcrest-core-1.3.jar;C:\Users\mallickh\workspace\Tessract\Tess4J\build\test\classes;C:\Users\mallickh\.p2\pool\plugins\org.apache.ant_1.9.6.v201510161327\lib\ant-launcher.jar;C:\Users\mallickh\.p2\pool\plugins\org.apache.ant_1.9.6.v201510161327\lib\ant.jar;C:\Users\mallickh\.p2\pool\plugins\org.apache.ant_1.9.6.v201510161327\lib\ant-junit.jar;C:\Users\mallickh\.p2\pool\plugins\org.apache.ant_1.9.6.v201510161327\lib\ant-junit4.jar" />
    <property name="annotation.processing.processor.options" value="" />
    <property name="ant.library.dir" value="C:\Users\mallickh\.p2\pool\plugins\org.apache.ant_1.9.6.v201510161327\lib" />
    <property name="os.arch" value="amd64" />
    <property name="javac.deprecation" value="true" />
    <property name="file.reference.jna-4.1.0.jar" value="lib/jna-4.1.0.jar" />
    <property name="build.classes.excludes" value="**/*.java,**/*.form" />
    <property name="dist.dir" value="dist" />
    <property name="debug.classpath" value="lib/jai-imageio-core-1.3.1.jar:lib/ghost4j-1.0.1.jar:lib/jul-to-slf4j-1.7.21.jar:lib/rococoa-core-0.5.jar:lib/logback-classic-1.1.7.jar:lib/logback-core-1.1.7.jar:lib/jna-4.1.0.jar:lib/lept4j-1.2.2.jar:lib/log4j-1.2.17.jar:lib/itext-2.1.7.jar:lib/commons-beanutils-1.9.2.jar:lib/commons-logging-1.2.jar:lib/slf4j-api-1.7.21.jar:lib/commons-io-2.5.jar:build/classes" />
    <property name="sun.java.launcher" value="SUN_STANDARD" />
    <property name="jar.index.metainf" value="false" />
    <property name="jnlp.codebase.type" value="no.codebase" />
    <property name="platform.java" value="C:\Program Files\Java\jre1.8.0_92/bin/java" />
    <property name="annotation.processing.enabled.in.editor" value="false" />
    <property name="file.reference.logback-core-1.1.7.jar" value="lib/logback-core-1.1.7.jar" />
    <property name="ant.core.lib" value="C:\Users\mallickh\.p2\pool\plugins\org.apache.ant_1.9.6.v201510161327\lib\ant.jar" />
    <property name="java.vm.specification.vendor" value="Oracle Corporation" />
    <property name="jnlp.signed" value="false" />
    <property name="do.depend" value="true" />
    <property name="file.separator" value="\" />
    <property name="java.runtime.version" value="1.8.0_92-b14" />
    <property name="sun.boot.class.path" value="C:\Program Files\Java\jre1.8.0_92\lib\resources.jar;C:\Program Files\Java\jre1.8.0_92\lib\rt.jar;C:\Program Files\Java\jre1.8.0_92\lib\sunrsasign.jar;C:\Program Files\Java\jre1.8.0_92\lib\jsse.jar;C:\Program Files\Java\jre1.8.0_92\lib\jce.jar;C:\Program Files\Java\jre1.8.0_92\lib\charsets.jar;C:\Program Files\Java\jre1.8.0_92\lib\jfr.jar;C:\Program Files\Java\jre1.8.0_92\classes" />
    <property name="debug.test.classpath" value="lib/jai-imageio-core-1.3.1.jar:lib/ghost4j-1.0.1.jar:lib/jul-to-slf4j-1.7.21.jar:lib/rococoa-core-0.5.jar:lib/logback-classic-1.1.7.jar:lib/logback-core-1.1.7.jar:lib/jna-4.1.0.jar:lib/lept4j-1.2.2.jar:lib/log4j-1.2.17.jar:lib/itext-2.1.7.jar:lib/commons-beanutils-1.9.2.jar:lib/commons-logging-1.2.jar:lib/slf4j-api-1.7.21.jar:lib/commons-io-2.5.jar:build/classes:C:/Users/mallickh/workspace/Tessract/Tess4J/lib/junit-4.12.jar:C:/Users/mallickh/workspace/Tessract/Tess4J/lib/hamcrest-core-1.3.jar:build/test/classes" />
    <property name="file.reference.logback-classic-1.1.7.jar" value="lib/logback-classic-1.1.7.jar" />
    <property name="nb.junit.batch" value="true" />
    <property name="have.tests" value="true" />
    <property name="jar.archive.disabled" value="false" />
    <property name="libs.junit_4.prop-maven-dependencies" value="junit:junit:4.12:jar" />
    <property name="user.country" value="US" />
    <property name="javadoc.notree" value="false" />
    <property name="application.homepage" value="http://tess4j.sf.net" />
    <property name="javac.classpath" value="lib/jai-imageio-core-1.3.1.jar:lib/ghost4j-1.0.1.jar:lib/jul-to-slf4j-1.7.21.jar:lib/rococoa-core-0.5.jar:lib/logback-classic-1.1.7.jar:lib/logback-core-1.1.7.jar:lib/jna-4.1.0.jar:lib/lept4j-1.2.2.jar:lib/log4j-1.2.17.jar:lib/itext-2.1.7.jar:lib/commons-beanutils-1.9.2.jar:lib/commons-logging-1.2.jar:lib/slf4j-api-1.7.21.jar:lib/commons-io-2.5.jar" />
    <property name="file.reference.jai-imageio-core-1.3.1.jar" value="lib/jai-imageio-core-1.3.1.jar" />
    <property name="javadoc.additionalparam" value="" />
    <property name="default.javac.target" value="1.4" />
    <property name="build.classes.dir" value="build/classes" />
    <property name="java.vendor" value="Oracle Corporation" />
    <property name="javac.target" value="1.7" />
    <property name="runtime.encoding" value="UTF-8" />
    <property name="libs.hamcrest.prop-maven-dependencies" value="org.hamcrest:hamcrest-core:1.3:jar" />
    <property name="java.specification.version" value="1.8" />
    <property name="sun.arch.data.model" value="64" />
    <property name="mkdist.disabled" value="false" />
  </properties>
  <testcase classname="net.sourceforge.tess4j.util.PdfUtilitiesTest" name="testSplitPdf" time="1.464" />
  <testcase classname="net.sourceforge.tess4j.util.PdfUtilitiesTest" name="testGetPdfPageCount" time="0.101" />
  <testcase classname="net.sourceforge.tess4j.util.PdfUtilitiesTest" name="testMergePdf" time="0.783" />
  <testcase classname="net.sourceforge.tess4j.util.PdfUtilitiesTest" name="testConvertPdf2Png" time="0.178" />
  <testcase classname="net.sourceforge.tess4j.util.PdfUtilitiesTest" name="testConvertPdf2Tiff" time="0.552" />
  <system-out><![CDATA[17:58:36.483 [main] INFO net.sourceforge.tess4j.util.PdfUtilitiesTest - splitPdf
17:58:37.942 [main] INFO net.sourceforge.tess4j.util.PdfUtilitiesTest - getPdfPageCount
17:58:38.045 [main] INFO net.sourceforge.tess4j.util.PdfUtilitiesTest - mergePdf
17:58:38.830 [main] INFO net.sourceforge.tess4j.util.PdfUtilitiesTest - convertPdf2Png
17:58:39.010 [main] INFO net.sourceforge.tess4j.util.PdfUtilitiesTest - convertPdf2Tiff
]]></system-out>
  <system-err><![CDATA[]]></system-err>
</testsuite>
