<?xml version="1.0" encoding="UTF-8" ?>
<testsuite errors="0" failures="0" hostname="MALLICKH2" name="net.sourceforge.tess4j.TessAPITest" skipped="0" tests="17" time="19.073" timestamp="2016-05-18T12:27:34">
  <properties>
    <property name="default.javac.source" value="1.4" />
    <property name="file.encoding.pkg" value="sun.io" />
    <property name="jnlp.signing.alias" value="" />
    <property name="javac.source" value="1.7" />
    <property name="testng.debug.mode" value="" />
    <property name="java.home" value="C:\Program Files\Java\jre1.8.0_92" />
    <property name="test.src.dir" value="test" />
    <property name="javadoc.version" value="false" />
    <property name="jnlp.mixed.code" value="default" />
    <property name="libraries.path" value="C:\Users\mallickh\workspace\Tessract\Tess4J\lib\nblibraries.properties" />
    <property name="java.endorsed.dirs" value="C:\Program Files\Java\jre1.8.0_92\lib\endorsed" />
    <property name="src.dir" value="src" />
    <property name="debug-args-line" value="-Xdebug" />
    <property name="build.sysclasspath" value="ignore" />
    <property name="have.sources" value="true" />
    <property name="includes" value="**" />
    <property name="javac.fork" value="false" />
    <property name="source.encoding" value="UTF-8" />
    <property name="sun.os.patch.level" value="Service Pack 1" />
    <property name="java.vendor.url" value="http://java.oracle.com/" />
    <property name="java.version" value="1.8.0_92" />
    <property name="eclipse.pdebuild.home" value="/C:/Users/mallickh/eclipse/jee-mars/eclipse/../../../.p2/pool/plugins/org.eclipse.pde.build_3.9.100.v20150521-1524/./" />
    <property name="build.generated.subdirs" value="" />
    <property name="javac.debug" value="false" />
    <property name="application.desc" value="A Java wrapper for Tesseract OCR API" />
    <property name="run.classpath" value="lib/jai-imageio-core-1.3.1.jar:lib/ghost4j-1.0.1.jar:lib/jul-to-slf4j-1.7.21.jar:lib/rococoa-core-0.5.jar:lib/logback-classic-1.1.7.jar:lib/logback-core-1.1.7.jar:lib/jna-4.1.0.jar:lib/lept4j-1.2.2.jar:lib/log4j-1.2.17.jar:lib/itext-2.1.7.jar:lib/commons-beanutils-1.9.2.jar:lib/commons-logging-1.2.jar:lib/slf4j-api-1.7.21.jar:lib/commons-io-2.5.jar:build/classes" />
    <property name="java.vendor.url.bug" value="http://bugreport.sun.com/bugreport/" />
    <property name="ant.project.invoked-targets" value="default" />
    <property name="annotation.processing.run.all.processors" value="true" />
    <property name="user.name" value="mallickh" />
    <property name="jnlp.enabled" value="false" />
    <property name="empty.dir" value="C:\Users\mallickh\workspace\Tessract\Tess4J\build\empty" />
    <property name="sun.io.unicode.encoding" value="UnicodeLittle" />
    <property name="sun.jnu.encoding" value="Cp1252" />
    <property name="java.runtime.name" value="Java(TM) SE Runtime Environment" />
    <property name="application.vendor" value="Quan Nguyen" />
    <property name="java.specification.name" value="Java Platform API Specification" />
    <property name="javadoc.author" value="false" />
    <property name="ap.proc.none.internal" value="" />
    <property name="user.timezone" value="" />
    <property name="user.script" value="" />
    <property name="path.separator" value=";" />
    <property name="testng.mode" value="testng" />
    <property name="version-output" value="java version &quot;1.8" />
    <property name="jnlp.signing" value="" />
    <property name="file.encoding" value="Cp1252" />
    <property name="dist.javadoc.dir" value="dist/javadoc" />
    <property name="ant.project.default-target" value="default" />
    <property name="javac.profile.cmd.line.arg" value="" />
    <property name="sun.java.command" value="org.apache.tools.ant.taskdefs.optional.junit.JUnitTestRunner net.sourceforge.tess4j.TessAPITest skipNonTests=false filtertrace=true haltOnError=false haltOnFailure=false showoutput=true outputtoformatters=true logfailedtests=true threadid=0 logtestlistenerevents=false formatter=org.apache.tools.ant.taskdefs.optional.junit.BriefJUnitResultFormatter formatter=org.apache.tools.ant.taskdefs.optional.junit.XMLJUnitResultFormatter,C:\Users\mallickh\workspace\Tessract\Tess4J\build\test\results\TEST-net.sourceforge.tess4j.TessAPITest.xml crashfile=C:\Users\mallickh\workspace\Tessract\Tess4J\build\junitvmwatcher5357471224263441943.properties propsfile=C:\Users\mallickh\workspace\Tessract\Tess4J\build\junit886066397736237921.properties" />
    <property name="built-jar.properties" value="C:\Users\mallickh\workspace\Tessract\Tess4J\build\built-jar.properties" />
    <property name="ant.file" value="C:\Users\mallickh\workspace\Tessract\Tess4J\build.xml" />
    <property name="junit.available" value="true" />
    <property name="do.jar" value="true" />
    <property name="java.io.tmpdir" value="C:\Users\mallickh\AppData\Local\Temp\" />
    <property name="build.test.results.dir" value="build/test/results" />
    <property name="user.language" value="en" />
    <property name="line.separator" value="&#xd;&#xa;" />
    <property name="libs.junit_4.displayName" value="JUnit 4.12" />
    <property name="javac.compilerargs" value="" />
    <property name="jar.compress" value="false" />
    <property name="debug-transport-by-os" value="dt_shmem" />
    <property name="ant.file.Tess4J-impl" value="C:\Users\mallickh\workspace\Tessract\Tess4J\nbproject\build-impl.xml" />
    <property name="do.depend.true" value="true" />
    <property name="java.vm.info" value="mixed mode" />
    <property name="javadoc.private" value="false" />
    <property name="annotation.processing.processors.list" value="" />
    <property name="sun.desktop" value="windows" />
    <property name="java.vm.specification.name" value="Java Virtual Machine Specification" />
    <property name="build.test.classes.dir" value="build/test/classes" />
    <property name="version" value="3.2" />
    <property name="ant.file.type.Tess4J-impl" value="file" />
    <property name="test.binaryexcludes" value="" />
    <property name="file.reference.log4j-1.2.17.jar" value="lib/log4j-1.2.17.jar" />
    <property name="platform.active" value="default_platform" />
    <property name="ap.cmd.line.internal" value="" />
    <property name="jdkBug6558476" value="false" />
    <property name="java.failonerror" value="true" />
    <property name="endorsed.classpath" value="" />
    <property name="eclipse.pdebuild.templates" value="/C:/Users/mallickh/eclipse/jee-mars/eclipse/../../../.p2/pool/plugins/org.eclipse.pde.build_3.9.100.v20150521-1524/templates/" />
    <property name="javadoc.encoding" value="UTF-8" />
    <property name="java.awt.printerjob" value="sun.awt.windows.WPrinterJob" />
    <property name="ap.processors.internal" value="" />
    <property name="do.archive" value="true" />
    <property name="dist.jar" value="dist/tess4j-3.2.jar" />
    <property name="meta.inf.dir" value="src/META-INF" />
    <property name="ant.version" value="Apache Ant(TM) version 1.9.6 compiled on June 29 2015" />
    <property name="ant.file.Tess4J" value="C:\Users\mallickh\workspace\Tessract\Tess4J\build.xml" />
    <property name="javadoc.nonavbar" value="false" />
    <property name="user.properties.file" value="C:\Users\Quan\AppData\Roaming\NetBeans\8.1\build.properties" />
    <property name="javac.external.vm" value="false" />
    <property name="file.reference.rococoa-core-0.5.jar" value="lib/rococoa-core-0.5.jar" />
    <property name="annotation.processing.source.output" value="build/generated-sources/ap-source-output" />
    <property name="build.generated.dir" value="build/generated" />
    <property name="os.name" value="Windows 7" />
    <property name="java.specification.vendor" value="Oracle Corporation" />
    <property name="run.test.classpath" value="lib/jai-imageio-core-1.3.1.jar:lib/ghost4j-1.0.1.jar:lib/jul-to-slf4j-1.7.21.jar:lib/rococoa-core-0.5.jar:lib/logback-classic-1.1.7.jar:lib/logback-core-1.1.7.jar:lib/jna-4.1.0.jar:lib/lept4j-1.2.2.jar:lib/log4j-1.2.17.jar:lib/itext-2.1.7.jar:lib/commons-beanutils-1.9.2.jar:lib/commons-logging-1.2.jar:lib/slf4j-api-1.7.21.jar:lib/commons-io-2.5.jar:build/classes:C:/Users/mallickh/workspace/Tessract/Tess4J/lib/junit-4.12.jar:C:/Users/mallickh/workspace/Tessract/Tess4J/lib/hamcrest-core-1.3.jar:build/test/classes" />
    <property name="java.vm.name" value="Java HotSpot(TM) 64-Bit Server VM" />
    <property name="ant.file.type.Tess4J" value="file" />
    <property name="ap.supported.internal" value="true" />
    <property name="java.library.path" value="C:\Program Files\Java\jre1.8.0_92\bin;C:\windows\Sun\Java\bin;C:\windows\system32;C:\windows;C:/Program Files/Java/jre1.8.0_92/bin/server;C:/Program Files/Java/jre1.8.0_92/bin;C:/Program Files/Java/jre1.8.0_92/lib/amd64;C:\ProgramData\Oracle\Java\javapath;C:\windows\system32;C:\windows;C:\windows\System32\Wbem;C:\windows\System32\WindowsPowerShell\v1.0\;C:\Program Files\ActivIdentity\ActivClient\;C:\Program Files (x86)\ActivIdentity\ActivClient\;C:\windows\System32\WindowsPowerShell\v1.0\;C:\apache-ant-1.9.4\bin;C:\Program Files (x86)\HP\Unified Functional Testing\bin;C:\Program Files\Java\jdk1.8.0_92\bin;;C:\windows\system32;;." />
    <property name="file.reference.slf4j-api-1.7.21.jar" value="lib/slf4j-api-1.7.21.jar" />
    <property name="file.reference.ghost4j-1.0.1.jar" value="lib/ghost4j-1.0.1.jar" />
    <property name="eclipse.pdebuild.scripts" value="/C:/Users/mallickh/eclipse/jee-mars/eclipse/../../../.p2/pool/plugins/org.eclipse.pde.build_3.9.100.v20150521-1524/scripts/" />
    <property name="ant.java.version" value="1.8" />
    <property name="basedir" value="C:\Users\mallickh\workspace\Tessract\Tess4J" />
    <property name="javadoc.noindex" value="false" />
    <property name="java.class.version" value="52.0" />
    <property name="javac.test.classpath" value="lib/jai-imageio-core-1.3.1.jar:lib/ghost4j-1.0.1.jar:lib/jul-to-slf4j-1.7.21.jar:lib/rococoa-core-0.5.jar:lib/logback-classic-1.1.7.jar:lib/logback-core-1.1.7.jar:lib/jna-4.1.0.jar:lib/lept4j-1.2.2.jar:lib/log4j-1.2.17.jar:lib/itext-2.1.7.jar:lib/commons-beanutils-1.9.2.jar:lib/commons-logging-1.2.jar:lib/slf4j-api-1.7.21.jar:lib/commons-io-2.5.jar:build/classes:C:/Users/mallickh/workspace/Tessract/Tess4J/lib/junit-4.12.jar:C:/Users/mallickh/workspace/Tessract/Tess4J/lib/hamcrest-core-1.3.jar" />
    <property name="javac.processorpath" value="lib/jai-imageio-core-1.3.1.jar:lib/ghost4j-1.0.1.jar:lib/jul-to-slf4j-1.7.21.jar:lib/rococoa-core-0.5.jar:lib/logback-classic-1.1.7.jar:lib/logback-core-1.1.7.jar:lib/jna-4.1.0.jar:lib/lept4j-1.2.2.jar:lib/log4j-1.2.17.jar:lib/itext-2.1.7.jar:lib/commons-beanutils-1.9.2.jar:lib/commons-logging-1.2.jar:lib/slf4j-api-1.7.21.jar:lib/commons-io-2.5.jar" />
    <property name="ant.home" value="C:\Users\mallickh\.p2\pool\plugins\org.apache.ant_1.9.6.v201510161327" />
    <property name="javadoc.splitindex" value="true" />
    <property name="javac.test.processorpath" value="lib/jai-imageio-core-1.3.1.jar:lib/ghost4j-1.0.1.jar:lib/jul-to-slf4j-1.7.21.jar:lib/rococoa-core-0.5.jar:lib/logback-classic-1.1.7.jar:lib/logback-core-1.1.7.jar:lib/jna-4.1.0.jar:lib/lept4j-1.2.2.jar:lib/log4j-1.2.17.jar:lib/itext-2.1.7.jar:lib/commons-beanutils-1.9.2.jar:lib/commons-logging-1.2.jar:lib/slf4j-api-1.7.21.jar:lib/commons-io-2.5.jar:build/classes:C:/Users/mallickh/workspace/Tessract/Tess4J/lib/junit-4.12.jar:C:/Users/mallickh/workspace/Tessract/Tess4J/lib/hamcrest-core-1.3.jar" />
    <property name="file.reference.lept4j-1.2.2.jar" value="lib/lept4j-1.2.2.jar" />
    <property name="javadoc.preview" value="true" />
    <property name="copylibs.rebase" value="true" />
    <property name="file.reference.jul-to-slf4j-1.7.21.jar" value="lib/jul-to-slf4j-1.7.21.jar" />
    <property name="jnlp.signing.keystore" value="" />
    <property name="junit.forkmode" value="perTest" />
    <property name="test.binarytestincludes" value="" />
    <property name="libs.junit_4.classpath" value="C:/Users/mallickh/workspace/Tessract/Tess4J/lib/junit-4.12.jar" />
    <property name="sun.boot.library.path" value="C:\Program Files\Java\jre1.8.0_92\bin" />
    <property name="build.dir" value="build" />
    <property name="application.title" value="Tess4J" />
    <property name="sun.management.compiler" value="HotSpot 64-Bit Tiered Compilers" />
    <property name="java.awt.graphicsenv" value="sun.awt.Win32GraphicsEnvironment" />
    <property name="user.variant" value="" />
    <property name="javadoc.encoding.used" value="UTF-8" />
    <property name="libraries.dir.nativedirsep" value="C:\Users\mallickh\workspace\Tessract\Tess4J\lib" />
    <property name="javadoc.windowtitle" value="Tess4J API" />
    <property name="libs.hamcrest.classpath" value="C:/Users/mallickh/workspace/Tessract/Tess4J/lib/hamcrest-core-1.3.jar" />
    <property name="run.jvmargs.ide" value="" />
    <property name="annotation.processing.enabled" value="true" />
    <property name="file.reference.commons-io-2.5.jar" value="lib/commons-io-2.5.jar" />
    <property name="build.generated.sources.dir" value="build/generated-sources" />
    <property name="nb.junit.single" value="false" />
    <property name="run.jvmargs" value="" />
    <property name="ant.project.name" value="Tess4J" />
    <property name="java.vm.specification.version" value="1.8" />
    <property name="file.reference.commons-beanutils-1.9.2.jar" value="lib/commons-beanutils-1.9.2.jar" />
    <property name="work.dir" value="C:\Users\mallickh\workspace\Tessract\Tess4J" />
    <property name="awt.toolkit" value="sun.awt.windows.WToolkit" />
    <property name="javadoc.use" value="true" />
    <property name="sun.cpu.isalist" value="amd64" />
    <property name="file.reference.commons-logging-1.2.jar" value="lib/commons-logging-1.2.jar" />
    <property name="java.ext.dirs" value="C:\Program Files\Java\jre1.8.0_92\lib\ext;C:\windows\Sun\Java\lib\ext" />
    <property name="os.version" value="6.1" />
    <property name="excludes" value="" />
    <property name="jnlp.descriptor" value="application" />
    <property name="user.home" value="C:\Users\mallickh" />
    <property name="libraries.basename" value="nblibraries" />
    <property name="java.vm.vendor" value="Oracle Corporation" />
    <property name="file.reference.itext-2.1.7.jar" value="lib/itext-2.1.7.jar" />
    <property name="user.dir" value="C:\Users\mallickh\workspace\Tessract\Tess4J" />
    <property name="debug-transport" value="dt_shmem" />
    <property name="application.args" value="" />
    <property name="sun.cpu.endian" value="little" />
    <property name="compile.on.save" value="true" />
    <property name="endorsed.classpath.cmd.line.arg" value="" />
    <property name="jar.index" value="false" />
    <property name="jnlp.offline-allowed" value="false" />
    <property name="libraries.dir" value="C:/Users/mallickh/workspace/Tessract/Tess4J/lib" />
    <property name="libs.hamcrest.displayName" value="Hamcrest 1.3" />
    <property name="java.vm.version" value="25.92-b14" />
    <property name="test.binaryincludes" value="&lt;nothing&gt;" />
    <property name="java.class.path" value="C:\Users\mallickh\workspace\Tessract\Tess4J\lib\jai-imageio-core-1.3.1.jar;C:\Users\mallickh\workspace\Tessract\Tess4J\lib\ghost4j-1.0.1.jar;C:\Users\mallickh\workspace\Tessract\Tess4J\lib\jul-to-slf4j-1.7.21.jar;C:\Users\mallickh\workspace\Tessract\Tess4J\lib\rococoa-core-0.5.jar;C:\Users\mallickh\workspace\Tessract\Tess4J\lib\logback-classic-1.1.7.jar;C:\Users\mallickh\workspace\Tessract\Tess4J\lib\logback-core-1.1.7.jar;C:\Users\mallickh\workspace\Tessract\Tess4J\lib\jna-4.1.0.jar;C:\Users\mallickh\workspace\Tessract\Tess4J\lib\lept4j-1.2.2.jar;C:\Users\mallickh\workspace\Tessract\Tess4J\lib\log4j-1.2.17.jar;C:\Users\mallickh\workspace\Tessract\Tess4J\lib\itext-2.1.7.jar;C:\Users\mallickh\workspace\Tessract\Tess4J\lib\commons-beanutils-1.9.2.jar;C:\Users\mallickh\workspace\Tessract\Tess4J\lib\commons-logging-1.2.jar;C:\Users\mallickh\workspace\Tessract\Tess4J\lib\slf4j-api-1.7.21.jar;C:\Users\mallickh\workspace\Tessract\Tess4J\lib\commons-io-2.5.jar;C:\Users\mallickh\workspace\Tessract\Tess4J\build\classes;C:\Users\mallickh\workspace\Tessract\Tess4J\lib\junit-4.12.jar;C:\Users\mallickh\workspace\Tessract\Tess4J\lib\hamcrest-core-1.3.jar;C:\Users\mallickh\workspace\Tessract\Tess4J\build\test\classes;C:\Users\mallickh\.p2\pool\plugins\org.apache.ant_1.9.6.v201510161327\lib\ant-launcher.jar;C:\Users\mallickh\.p2\pool\plugins\org.apache.ant_1.9.6.v201510161327\lib\ant.jar;C:\Users\mallickh\.p2\pool\plugins\org.apache.ant_1.9.6.v201510161327\lib\ant-junit.jar;C:\Users\mallickh\.p2\pool\plugins\org.apache.ant_1.9.6.v201510161327\lib\ant-junit4.jar" />
    <property name="annotation.processing.processor.options" value="" />
    <property name="ant.library.dir" value="C:\Users\mallickh\.p2\pool\plugins\org.apache.ant_1.9.6.v201510161327\lib" />
    <property name="os.arch" value="amd64" />
    <property name="javac.deprecation" value="true" />
    <property name="file.reference.jna-4.1.0.jar" value="lib/jna-4.1.0.jar" />
    <property name="build.classes.excludes" value="**/*.java,**/*.form" />
    <property name="dist.dir" value="dist" />
    <property name="debug.classpath" value="lib/jai-imageio-core-1.3.1.jar:lib/ghost4j-1.0.1.jar:lib/jul-to-slf4j-1.7.21.jar:lib/rococoa-core-0.5.jar:lib/logback-classic-1.1.7.jar:lib/logback-core-1.1.7.jar:lib/jna-4.1.0.jar:lib/lept4j-1.2.2.jar:lib/log4j-1.2.17.jar:lib/itext-2.1.7.jar:lib/commons-beanutils-1.9.2.jar:lib/commons-logging-1.2.jar:lib/slf4j-api-1.7.21.jar:lib/commons-io-2.5.jar:build/classes" />
    <property name="sun.java.launcher" value="SUN_STANDARD" />
    <property name="jar.index.metainf" value="false" />
    <property name="jnlp.codebase.type" value="no.codebase" />
    <property name="platform.java" value="C:\Program Files\Java\jre1.8.0_92/bin/java" />
    <property name="annotation.processing.enabled.in.editor" value="false" />
    <property name="file.reference.logback-core-1.1.7.jar" value="lib/logback-core-1.1.7.jar" />
    <property name="ant.core.lib" value="C:\Users\mallickh\.p2\pool\plugins\org.apache.ant_1.9.6.v201510161327\lib\ant.jar" />
    <property name="java.vm.specification.vendor" value="Oracle Corporation" />
    <property name="jnlp.signed" value="false" />
    <property name="do.depend" value="true" />
    <property name="file.separator" value="\" />
    <property name="java.runtime.version" value="1.8.0_92-b14" />
    <property name="sun.boot.class.path" value="C:\Program Files\Java\jre1.8.0_92\lib\resources.jar;C:\Program Files\Java\jre1.8.0_92\lib\rt.jar;C:\Program Files\Java\jre1.8.0_92\lib\sunrsasign.jar;C:\Program Files\Java\jre1.8.0_92\lib\jsse.jar;C:\Program Files\Java\jre1.8.0_92\lib\jce.jar;C:\Program Files\Java\jre1.8.0_92\lib\charsets.jar;C:\Program Files\Java\jre1.8.0_92\lib\jfr.jar;C:\Program Files\Java\jre1.8.0_92\classes" />
    <property name="debug.test.classpath" value="lib/jai-imageio-core-1.3.1.jar:lib/ghost4j-1.0.1.jar:lib/jul-to-slf4j-1.7.21.jar:lib/rococoa-core-0.5.jar:lib/logback-classic-1.1.7.jar:lib/logback-core-1.1.7.jar:lib/jna-4.1.0.jar:lib/lept4j-1.2.2.jar:lib/log4j-1.2.17.jar:lib/itext-2.1.7.jar:lib/commons-beanutils-1.9.2.jar:lib/commons-logging-1.2.jar:lib/slf4j-api-1.7.21.jar:lib/commons-io-2.5.jar:build/classes:C:/Users/mallickh/workspace/Tessract/Tess4J/lib/junit-4.12.jar:C:/Users/mallickh/workspace/Tessract/Tess4J/lib/hamcrest-core-1.3.jar:build/test/classes" />
    <property name="file.reference.logback-classic-1.1.7.jar" value="lib/logback-classic-1.1.7.jar" />
    <property name="nb.junit.batch" value="true" />
    <property name="have.tests" value="true" />
    <property name="jar.archive.disabled" value="false" />
    <property name="libs.junit_4.prop-maven-dependencies" value="junit:junit:4.12:jar" />
    <property name="user.country" value="US" />
    <property name="javadoc.notree" value="false" />
    <property name="application.homepage" value="http://tess4j.sf.net" />
    <property name="javac.classpath" value="lib/jai-imageio-core-1.3.1.jar:lib/ghost4j-1.0.1.jar:lib/jul-to-slf4j-1.7.21.jar:lib/rococoa-core-0.5.jar:lib/logback-classic-1.1.7.jar:lib/logback-core-1.1.7.jar:lib/jna-4.1.0.jar:lib/lept4j-1.2.2.jar:lib/log4j-1.2.17.jar:lib/itext-2.1.7.jar:lib/commons-beanutils-1.9.2.jar:lib/commons-logging-1.2.jar:lib/slf4j-api-1.7.21.jar:lib/commons-io-2.5.jar" />
    <property name="file.reference.jai-imageio-core-1.3.1.jar" value="lib/jai-imageio-core-1.3.1.jar" />
    <property name="javadoc.additionalparam" value="" />
    <property name="default.javac.target" value="1.4" />
    <property name="build.classes.dir" value="build/classes" />
    <property name="java.vendor" value="Oracle Corporation" />
    <property name="javac.target" value="1.7" />
    <property name="runtime.encoding" value="UTF-8" />
    <property name="libs.hamcrest.prop-maven-dependencies" value="org.hamcrest:hamcrest-core:1.3:jar" />
    <property name="java.specification.version" value="1.8" />
    <property name="sun.arch.data.model" value="64" />
    <property name="mkdist.disabled" value="false" />
  </properties>
  <testcase classname="net.sourceforge.tess4j.TessAPITest" name="testTessBaseAPIAnalyseLayout" time="1.646" />
  <testcase classname="net.sourceforge.tess4j.TessAPITest" name="testChoiceIterator" time="0.968" />
  <testcase classname="net.sourceforge.tess4j.TessAPITest" name="testTessBaseAPIGetUTF8Text" time="1.686" />
  <testcase classname="net.sourceforge.tess4j.TessAPITest" name="testOSD" time="4.156" />
  <testcase classname="net.sourceforge.tess4j.TessAPITest" name="testTessBaseAPIGetUTF8Text_Pix" time="1.464" />
  <testcase classname="net.sourceforge.tess4j.TessAPITest" name="testTessBaseAPIGetInitLanguagesAsString" time="0.001" />
  <testcase classname="net.sourceforge.tess4j.TessAPITest" name="testTessBaseAPIGetComponentImages" time="1.741" />
  <testcase classname="net.sourceforge.tess4j.TessAPITest" name="testTessBaseAPIRect" time="1.588" />
  <testcase classname="net.sourceforge.tess4j.TessAPITest" name="testTessBaseAPIGetBoolVariable" time="0.002" />
  <testcase classname="net.sourceforge.tess4j.TessAPITest" name="testTessBaseAPIPrintVariablesToFile" time="0.023" />
  <testcase classname="net.sourceforge.tess4j.TessAPITest" name="testResultRenderer" time="1.407" />
  <testcase classname="net.sourceforge.tess4j.TessAPITest" name="testTessBaseAPIInit4" time="0.24" />
  <testcase classname="net.sourceforge.tess4j.TessAPITest" name="testTessBaseAPIGetLoadedLanguagesAsVector" time="0.24" />
  <testcase classname="net.sourceforge.tess4j.TessAPITest" name="testTessBaseAPIGetAvailableLanguagesAsVector" time="0.296" />
  <testcase classname="net.sourceforge.tess4j.TessAPITest" name="testTessBaseAPIGetHOCRText" time="1.546" />
  <testcase classname="net.sourceforge.tess4j.TessAPITest" name="testResultIterator" time="1.936" />
  <testcase classname="net.sourceforge.tess4j.TessAPITest" name="testTessVersion" time="0.001" />
  <system-out><![CDATA[17:57:35.491 [main] INFO net.sourceforge.tess4j.TessAPITest - TessBaseAPIAnalyseLayout
17:57:36.195 [main] INFO net.sourceforge.tess4j.TessAPITest - PageIteratorLevel: RIL_TEXTLINE
17:57:36.257 [main] INFO net.sourceforge.tess4j.TessAPITest - Box[0]: x=105, y=66, w=718, h=47
17:57:36.258 [main] INFO net.sourceforge.tess4j.TessAPITest - Box[1]: x=104, y=115, w=783, h=50
17:57:36.259 [main] INFO net.sourceforge.tess4j.TessAPITest - Box[2]: x=103, y=165, w=732, h=41
17:57:36.260 [main] INFO net.sourceforge.tess4j.TessAPITest - Box[3]: x=103, y=215, w=808, h=49
17:57:36.261 [main] INFO net.sourceforge.tess4j.TessAPITest - Box[4]: x=102, y=266, w=775, h=48
17:57:36.262 [main] INFO net.sourceforge.tess4j.TessAPITest - Box[5]: x=102, y=315, w=816, h=42
17:57:36.262 [main] INFO net.sourceforge.tess4j.TessAPITest - Box[6]: x=101, y=366, w=732, h=43
17:57:36.263 [main] INFO net.sourceforge.tess4j.TessAPITest - Box[7]: x=100, y=419, w=759, h=45
17:57:36.263 [main] INFO net.sourceforge.tess4j.TessAPITest - Box[8]: x=100, y=466, w=734, h=45
17:57:36.264 [main] INFO net.sourceforge.tess4j.TessAPITest - Box[9]: x=99, y=516, w=734, h=47
17:57:36.265 [main] INFO net.sourceforge.tess4j.TessAPITest - Box[10]: x=98, y=568, w=731, h=45
17:57:36.265 [main] INFO net.sourceforge.tess4j.TessAPITest - Box[11]: x=98, y=616, w=612, h=45
17:57:36.284 [main] INFO net.sourceforge.tess4j.TessAPITest - TessResultIteratorGetChoiceIterator
17:57:36.955 [Thread-2] INFO net.sourceforge.tess4j.ProgressMonitor - ocr alive: false
17:57:36.955 [Thread-2] INFO net.sourceforge.tess4j.ProgressMonitor - progress: 0
17:57:37.055 [Thread-2] INFO net.sourceforge.tess4j.ProgressMonitor - ocr alive: false
17:57:37.055 [Thread-2] INFO net.sourceforge.tess4j.ProgressMonitor - progress: 0
17:57:37.155 [Thread-2] INFO net.sourceforge.tess4j.ProgressMonitor - ocr alive: false
17:57:37.155 [Thread-2] INFO net.sourceforge.tess4j.ProgressMonitor - progress: 0
17:57:37.177 [main] INFO net.sourceforge.tess4j.TessAPITest - Message: 000
17:57:37.179 [main] INFO net.sourceforge.tess4j.TessAPITest - symbol ”, conf: 75.915962
	- 17:57:37.180 [main] INFO net.sourceforge.tess4j.TessAPITest - n conf: 80.995392
		- 17:57:37.181 [main] INFO net.sourceforge.tess4j.TessAPITest - u conf: 79.086304
		- 17:57:37.181 [main] INFO net.sourceforge.tess4j.TessAPITest - ” conf: 75.915962
		- 17:57:37.181 [main] INFO net.sourceforge.tess4j.TessAPITest - H conf: 75.478256
		- 17:57:37.182 [main] INFO net.sourceforge.tess4j.TessAPITest - U conf: 71.112495
		- 17:57:37.182 [main] INFO net.sourceforge.tess4j.TessAPITest - ? conf: 70.597626
		- 17:57:37.182 [main] INFO net.sourceforge.tess4j.TessAPITest - “ conf: 69.495064
		- 17:57:37.183 [main] INFO net.sourceforge.tess4j.TessAPITest - m conf: 68.843292
		- 17:57:37.183 [main] INFO net.sourceforge.tess4j.TessAPITest - M conf: 67.530167
		- 17:57:37.183 [main] INFO net.sourceforge.tess4j.TessAPITest - N conf: 67.238068
17:57:37.183 [main] INFO net.sourceforge.tess4j.TessAPITest - ---------------------------------------------
17:57:37.184 [main] INFO net.sourceforge.tess4j.TessAPITest - symbol u, conf: 85.461090
	- 17:57:37.184 [main] INFO net.sourceforge.tess4j.TessAPITest - u conf: 85.461090
		- 17:57:37.184 [main] INFO net.sourceforge.tess4j.TessAPITest - 0 conf: 82.795883
		- 17:57:37.184 [main] INFO net.sourceforge.tess4j.TessAPITest - U conf: 81.044731
		- 17:57:37.185 [main] INFO net.sourceforge.tess4j.TessAPITest - o conf: 80.628052
		- 17:57:37.185 [main] INFO net.sourceforge.tess4j.TessAPITest - O conf: 75.804092
		- 17:57:37.185 [main] INFO net.sourceforge.tess4j.TessAPITest - D conf: 73.159180
		- 17:57:37.186 [main] INFO net.sourceforge.tess4j.TessAPITest - n conf: 72.561432
		- 17:57:37.186 [main] INFO net.sourceforge.tess4j.TessAPITest - a conf: 72.536652
		- 17:57:37.186 [main] INFO net.sourceforge.tess4j.TessAPITest - Q conf: 71.146194
17:57:37.186 [main] INFO net.sourceforge.tess4j.TessAPITest - ---------------------------------------------
17:57:37.187 [main] INFO net.sourceforge.tess4j.TessAPITest - symbol m, conf: 86.553200
	- 17:57:37.187 [main] INFO net.sourceforge.tess4j.TessAPITest - m conf: 86.553200
		- 17:57:37.187 [main] INFO net.sourceforge.tess4j.TessAPITest - w conf: 73.913483
17:57:37.188 [main] INFO net.sourceforge.tess4j.TessAPITest - ---------------------------------------------
17:57:37.188 [main] INFO net.sourceforge.tess4j.TessAPITest - symbol a, conf: 87.259933
	- 17:57:37.189 [main] INFO net.sourceforge.tess4j.TessAPITest - a conf: 87.259933
		- 17:57:37.189 [main] INFO net.sourceforge.tess4j.TessAPITest - u conf: 73.123428
17:57:37.189 [main] INFO net.sourceforge.tess4j.TessAPITest - ---------------------------------------------
17:57:37.190 [main] INFO net.sourceforge.tess4j.TessAPITest - symbol s, conf: 93.835777
	- 17:57:37.190 [main] INFO net.sourceforge.tess4j.TessAPITest - s conf: 93.835777
		- 17:57:37.191 [main] INFO net.sourceforge.tess4j.TessAPITest - 5 conf: 87.603432
		- 17:57:37.192 [main] INFO net.sourceforge.tess4j.TessAPITest - S conf: 85.454666
		- 17:57:37.192 [main] INFO net.sourceforge.tess4j.TessAPITest - $ conf: 82.590813
		- 17:57:37.193 [main] INFO net.sourceforge.tess4j.TessAPITest - § conf: 79.942047
17:57:37.193 [main] INFO net.sourceforge.tess4j.TessAPITest - ---------------------------------------------
17:57:37.193 [main] INFO net.sourceforge.tess4j.TessAPITest - symbol p, conf: 95.687866
	- 17:57:37.194 [main] INFO net.sourceforge.tess4j.TessAPITest - p conf: 95.687866
17:57:37.194 [main] INFO net.sourceforge.tess4j.TessAPITest - ---------------------------------------------
17:57:37.194 [main] INFO net.sourceforge.tess4j.TessAPITest - symbol a, conf: 91.527740
	- 17:57:37.195 [main] INFO net.sourceforge.tess4j.TessAPITest - a conf: 91.527740
17:57:37.195 [main] INFO net.sourceforge.tess4j.TessAPITest - ---------------------------------------------
17:57:37.210 [main] INFO net.sourceforge.tess4j.TessAPITest - symbol m, conf: 93.009445
	- 17:57:37.210 [main] INFO net.sourceforge.tess4j.TessAPITest - m conf: 93.009445
17:57:37.210 [main] INFO net.sourceforge.tess4j.TessAPITest - ---------------------------------------------
17:57:37.211 [main] INFO net.sourceforge.tess4j.TessAPITest - symbol m, conf: 93.132942
	- 17:57:37.211 [main] INFO net.sourceforge.tess4j.TessAPITest - m conf: 93.132942
17:57:37.211 [main] INFO net.sourceforge.tess4j.TessAPITest - ---------------------------------------------
17:57:37.212 [main] INFO net.sourceforge.tess4j.TessAPITest - symbol e, conf: 91.107666
	- 17:57:37.213 [main] INFO net.sourceforge.tess4j.TessAPITest - e conf: 91.107666
		- 17:57:37.213 [main] INFO net.sourceforge.tess4j.TessAPITest - c conf: 81.621017
17:57:37.213 [main] INFO net.sourceforge.tess4j.TessAPITest - ---------------------------------------------
17:57:37.213 [main] INFO net.sourceforge.tess4j.TessAPITest - symbol r, conf: 85.452377
	- 17:57:37.214 [main] INFO net.sourceforge.tess4j.TessAPITest - r conf: 85.452377
		- 17:57:37.215 [main] INFO net.sourceforge.tess4j.TessAPITest - t conf: 76.010422
		- 17:57:37.216 [main] INFO net.sourceforge.tess4j.TessAPITest - I conf: 74.115311
17:57:37.218 [main] INFO net.sourceforge.tess4j.TessAPITest - ---------------------------------------------
17:57:37.219 [main] INFO net.sourceforge.tess4j.TessAPITest - symbol @, conf: 73.220566
	- 17:57:37.219 [main] INFO net.sourceforge.tess4j.TessAPITest - @ conf: 73.220566
17:57:37.220 [main] INFO net.sourceforge.tess4j.TessAPITest - ---------------------------------------------
17:57:37.220 [main] INFO net.sourceforge.tess4j.TessAPITest - symbol w, conf: 96.203575
	- 17:57:37.221 [main] INFO net.sourceforge.tess4j.TessAPITest - w conf: 96.203575
		- 17:57:37.222 [main] INFO net.sourceforge.tess4j.TessAPITest - W conf: 89.168915
17:57:37.222 [main] INFO net.sourceforge.tess4j.TessAPITest - ---------------------------------------------
17:57:37.222 [main] INFO net.sourceforge.tess4j.TessAPITest - symbol e, conf: 92.872879
	- 17:57:37.223 [main] INFO net.sourceforge.tess4j.TessAPITest - e conf: 92.872879
		- 17:57:37.224 [main] INFO net.sourceforge.tess4j.TessAPITest - c conf: 79.961136
17:57:37.225 [main] INFO net.sourceforge.tess4j.TessAPITest - ---------------------------------------------
17:57:37.226 [main] INFO net.sourceforge.tess4j.TessAPITest - symbol 0, conf: 82.015205
	- 17:57:37.228 [main] INFO net.sourceforge.tess4j.TessAPITest - D conf: 84.704590
		- 17:57:37.229 [main] INFO net.sourceforge.tess4j.TessAPITest - o conf: 83.438599
		- 17:57:37.229 [main] INFO net.sourceforge.tess4j.TessAPITest - 0 conf: 82.015205
		- 17:57:37.229 [main] INFO net.sourceforge.tess4j.TessAPITest - O conf: 80.526337
		- 17:57:37.229 [main] INFO net.sourceforge.tess4j.TessAPITest - b conf: 80.402985
		- 17:57:37.230 [main] INFO net.sourceforge.tess4j.TessAPITest - n conf: 79.619080
		- 17:57:37.230 [main] INFO net.sourceforge.tess4j.TessAPITest - u conf: 79.599983
		- 17:57:37.231 [main] INFO net.sourceforge.tess4j.TessAPITest - U conf: 79.159546
		- 17:57:37.231 [main] INFO net.sourceforge.tess4j.TessAPITest - v conf: 76.372604
		- 17:57:37.231 [main] INFO net.sourceforge.tess4j.TessAPITest - a conf: 74.261772
17:57:37.231 [main] INFO net.sourceforge.tess4j.TessAPITest - ---------------------------------------------
17:57:37.232 [main] INFO net.sourceforge.tess4j.TessAPITest - symbol 5, conf: 84.670212
	- 17:57:37.232 [main] INFO net.sourceforge.tess4j.TessAPITest - s conf: 93.219666
		- 17:57:37.232 [main] INFO net.sourceforge.tess4j.TessAPITest - S conf: 89.481613
		- 17:57:37.233 [main] INFO net.sourceforge.tess4j.TessAPITest - 5 conf: 84.670212
		- 17:57:37.233 [main] INFO net.sourceforge.tess4j.TessAPITest - $ conf: 82.283829
		- 17:57:37.233 [main] INFO net.sourceforge.tess4j.TessAPITest - § conf: 79.448044
17:57:37.233 [main] INFO net.sourceforge.tess4j.TessAPITest - ---------------------------------------------
17:57:37.234 [main] INFO net.sourceforge.tess4j.TessAPITest - symbol 1, conf: 84.163788
	- 17:57:37.234 [main] INFO net.sourceforge.tess4j.TessAPITest - 1 conf: 84.163788
		- 17:57:37.235 [main] INFO net.sourceforge.tess4j.TessAPITest - l conf: 81.785667
		- 17:57:37.235 [main] INFO net.sourceforge.tess4j.TessAPITest - I conf: 78.418610
		- 17:57:37.235 [main] INFO net.sourceforge.tess4j.TessAPITest - ! conf: 74.251030
		- 17:57:37.236 [main] INFO net.sourceforge.tess4j.TessAPITest - i conf: 72.678902
17:57:37.236 [main] INFO net.sourceforge.tess4j.TessAPITest - ---------------------------------------------
17:57:37.253 [main] INFO net.sourceforge.tess4j.TessAPITest - TessBaseAPIGetUTF8Text
17:57:37.255 [Thread-2] INFO net.sourceforge.tess4j.ProgressMonitor - ocr alive: true
17:57:37.255 [Thread-2] INFO net.sourceforge.tess4j.ProgressMonitor - progress: 100
17:57:38.922 [main] INFO net.sourceforge.tess4j.TessAPITest - The (quick) [brown] {fox} jumps!
Over the $43,456.78 <lazy> #90 dog
& duck/goose, as 12.5% of E-mail
from aspammer@website.com is spam.
Der ,,schnelle” braune Fuchs springt
?ber den faulen Hund. Le renard brun
«rapide» saute par-dessus le chien
paresseux. La volpe marrone rapida
salta sopra i] cane pigro. El zorro
marrén répido salta sobre el perro
perezoso. A raposa marrom répida
salta sobre 0 C50 preguieoso.


17:57:38.941 [main] INFO net.sourceforge.tess4j.TessAPITest - OSD
17:57:39.189 [main] INFO net.sourceforge.tess4j.TessAPITest - PSM: PSM_AUTO_OSD
17:57:43.061 [main] INFO net.sourceforge.tess4j.TessAPITest - Orientation: ORIENTATION_PAGE_UP
WritingDirection: WRITING_DIRECTION_LEFT_TO_RIGHT
TextlineOrder: TEXTLINE_ORDER_TOP_TO_BOTTOM
Deskew angle: 0.0138

17:57:43.099 [main] INFO net.sourceforge.tess4j.TessAPITest - TessBaseAPIGetUTF8Text_Pix
17:57:44.544 [main] INFO net.sourceforge.tess4j.TessAPITest - The (quick) [brown] {fox} jumps!
Over the $43,456.78 <lazy> #90 dog
& duck/goose, as 12.5% of E-mail
from aspammer@website.com is spam.
Der ,,schnelle” braune Fuchs springt
?ber den faulen Hund. Le renard brun
«rapide» saute par-dessus le chien
paresseux. La volpe marrone rapida
salta sopra i] cane pigro. El zorro
marrén répido salta sobre el perro
perezoso. A raposa marrom répida
salta sobre 0 C50 preguieoso.


17:57:44.565 [main] INFO net.sourceforge.tess4j.TessAPITest - TessBaseAPIGetInitLanguagesAsString
17:57:44.567 [main] INFO net.sourceforge.tess4j.TessAPITest - TessBaseAPIGetComponentImages
Box[0]: x=105, y=66, w=718, h=47, confidence: 88, text: The (quick) [brown] {fox} jumps!

Box[1]: x=104, y=115, w=783, h=50, confidence: 90, text: Over the $43,456.78 <lazy> #90 dog

Box[2]: x=103, y=165, w=732, h=41, confidence: 90, text: & duck/goose, as 12.5% of E-mail

Box[3]: x=103, y=215, w=808, h=49, confidence: 88, text: from aspammer@website.com is spam.

Box[4]: x=102, y=266, w=775, h=48, confidence: 85, text: Der ,,schnelle” braune Fuchs springt

Box[5]: x=102, y=315, w=816, h=42, confidence: 86, text: ?ber den faulen Hund. Le renard brun

Box[6]: x=101, y=366, w=732, h=43, confidence: 88, text: «rapide» saute par-dessus le chien

Box[7]: x=100, y=419, w=759, h=45, confidence: 88, text: paresseux. La volpe marrone rapida

Box[8]: x=100, y=466, w=734, h=45, confidence: 90, text: salta sopra i] cane pigro. El zorro

Box[9]: x=99, y=516, w=734, h=47, confidence: 86, text: marrén répido salta sobre el perro

Box[10]: x=98, y=568, w=731, h=45, confidence: 87, text: perezoso. A raposa marrom répida

Box[11]: x=98, y=616, w=612, h=45, confidence: 82, text: salta sobre 0 C50 preguieoso.

17:57:46.310 [main] INFO net.sourceforge.tess4j.TessAPITest - TessBaseAPIRect
17:57:47.880 [main] INFO net.sourceforge.tess4j.TessAPITest - The (quick) [brown] {fox} jumps!
Over the $43,456.78 <lazy> #90 dog
& duck/goose, as 12.5% of E-mail
from aspammer@website.com is spam.
Der ,,schnelle” braune Fuchs springt
?ber den faulen Hund. Le renard brun
«rapide» saute par-dessus le chien
paresseux. La volpe marrone rapida
salta sopra i] cane pigro. El zorro
marrén répido salta sobre el perro
perezoso. A raposa marrom répida
salta sobre 0 C50 preguieoso.


17:57:47.900 [main] INFO net.sourceforge.tess4j.TessAPITest - TessBaseAPIGetBoolVariable
17:57:47.902 [main] INFO net.sourceforge.tess4j.TessAPITest - TessBaseAPIPrintVariablesToFile
17:57:47.926 [main] INFO net.sourceforge.tess4j.TessAPITest - TessResultRenderer
17:57:49.314 [main] INFO net.sourceforge.tess4j.TessAPITest - TessResultRendererExtention: hocr
TessResultRendererTitle: 
TessResultRendererImageNum: 0
17:57:49.315 [main] INFO net.sourceforge.tess4j.TessAPITest - TessResultRendererExtention: pdf
TessResultRendererTitle: 
TessResultRendererImageNum: 0
17:57:49.315 [main] INFO net.sourceforge.tess4j.TessAPITest - TessResultRendererExtention: txt
TessResultRendererTitle: 
TessResultRendererImageNum: 0
17:57:49.315 [main] INFO net.sourceforge.tess4j.TessAPITest - TessResultRendererExtention: box
TessResultRendererTitle: 
TessResultRendererImageNum: 0
17:57:49.335 [main] INFO net.sourceforge.tess4j.TessAPITest - TessBaseAPIInit4
17:57:49.576 [main] INFO net.sourceforge.tess4j.TessAPITest - TessBaseAPIGetLoadedLanguagesAsVector
17:57:49.818 [main] INFO net.sourceforge.tess4j.TessAPITest - TessBaseAPIGetAvailableLanguagesAsVector
17:57:50.117 [main] INFO net.sourceforge.tess4j.TessAPITest - TessBaseAPIGetHOCRText
17:57:51.665 [main] INFO net.sourceforge.tess4j.TessAPITest - TessBaseAPIGetIterator
17:57:51.896 [Thread-3] INFO net.sourceforge.tess4j.ProgressMonitor - ocr alive: false
17:57:51.896 [Thread-3] INFO net.sourceforge.tess4j.ProgressMonitor - progress: 0
17:57:51.996 [Thread-3] INFO net.sourceforge.tess4j.ProgressMonitor - ocr alive: false
17:57:51.996 [Thread-3] INFO net.sourceforge.tess4j.ProgressMonitor - progress: 0
17:57:52.096 [Thread-3] INFO net.sourceforge.tess4j.ProgressMonitor - ocr alive: false
17:57:52.096 [Thread-3] INFO net.sourceforge.tess4j.ProgressMonitor - progress: 0
17:57:52.196 [Thread-3] INFO net.sourceforge.tess4j.ProgressMonitor - ocr alive: false
17:57:52.196 [Thread-3] INFO net.sourceforge.tess4j.ProgressMonitor - progress: 0
17:57:52.296 [Thread-3] INFO net.sourceforge.tess4j.ProgressMonitor - ocr alive: false
17:57:52.296 [Thread-3] INFO net.sourceforge.tess4j.ProgressMonitor - progress: 0
17:57:52.396 [Thread-3] INFO net.sourceforge.tess4j.ProgressMonitor - ocr alive: false
17:57:52.396 [Thread-3] INFO net.sourceforge.tess4j.ProgressMonitor - progress: 0
17:57:52.496 [Thread-3] INFO net.sourceforge.tess4j.ProgressMonitor - ocr alive: false
17:57:52.496 [Thread-3] INFO net.sourceforge.tess4j.ProgressMonitor - progress: 0
17:57:52.596 [Thread-3] INFO net.sourceforge.tess4j.ProgressMonitor - ocr alive: false
17:57:52.596 [Thread-3] INFO net.sourceforge.tess4j.ProgressMonitor - progress: 0
17:57:52.696 [Thread-3] INFO net.sourceforge.tess4j.ProgressMonitor - ocr alive: false
17:57:52.696 [Thread-3] INFO net.sourceforge.tess4j.ProgressMonitor - progress: 0
17:57:52.796 [Thread-3] INFO net.sourceforge.tess4j.ProgressMonitor - ocr alive: false
17:57:52.796 [Thread-3] INFO net.sourceforge.tess4j.ProgressMonitor - progress: 0
17:57:52.896 [Thread-3] INFO net.sourceforge.tess4j.ProgressMonitor - ocr alive: false
17:57:52.896 [Thread-3] INFO net.sourceforge.tess4j.ProgressMonitor - progress: 0
17:57:52.996 [Thread-3] INFO net.sourceforge.tess4j.ProgressMonitor - ocr alive: false
17:57:52.996 [Thread-3] INFO net.sourceforge.tess4j.ProgressMonitor - progress: 0
17:57:53.096 [Thread-3] INFO net.sourceforge.tess4j.ProgressMonitor - ocr alive: false
17:57:53.096 [Thread-3] INFO net.sourceforge.tess4j.ProgressMonitor - progress: 0
17:57:53.196 [Thread-3] INFO net.sourceforge.tess4j.ProgressMonitor - ocr alive: false
17:57:53.196 [Thread-3] INFO net.sourceforge.tess4j.ProgressMonitor - progress: 0
17:57:53.296 [Thread-3] INFO net.sourceforge.tess4j.ProgressMonitor - ocr alive: false
17:57:53.296 [Thread-3] INFO net.sourceforge.tess4j.ProgressMonitor - progress: 0
17:57:53.316 [main] INFO net.sourceforge.tess4j.TessAPITest - Message: 000000000000000
17:57:53.317 [main] INFO net.sourceforge.tess4j.TessAPITest - Bounding boxes:
char(s) left top right bottom confidence font-attributes
The 105 66 178 97 90.49322517:57:53.317 [main] INFO net.sourceforge.tess4j.TessAPITest -   font: Times_New_Roman, size: 9, font id: 283, bold: false, italic: false, underlined: false, monospace: false, serif: true, smallcap: false
(quick) 205 67 347 106 87.13725317:57:53.319 [main] INFO net.sourceforge.tess4j.TessAPITest -   font: Times_New_Roman_Bold, size: 9, font id: 284, bold: true, italic: false, underlined: false, monospace: false, serif: true, smallcap: false
[brown] 376 69 528 109 89.41955617:57:53.320 [main] INFO net.sourceforge.tess4j.TessAPITest -   font: Times_New_Roman, size: 9, font id: 283, bold: false, italic: false, underlined: false, monospace: false, serif: true, smallcap: false
{fox} 559 71 663 110 89.93277017:57:53.322 [main] INFO net.sourceforge.tess4j.TessAPITest -   font: Times_New_Roman, size: 9, font id: 283, bold: false, italic: false, underlined: false, monospace: false, serif: true, smallcap: false
jumps! 687 73 823 113 89.35710917:57:53.322 [main] INFO net.sourceforge.tess4j.TessAPITest -   font: Times_New_Roman, size: 9, font id: 283, bold: false, italic: false, underlined: false, monospace: false, serif: true, smallcap: false
Over 104 115 199 147 91.76277917:57:53.323 [main] INFO net.sourceforge.tess4j.TessAPITest -   font: Times_New_Roman, size: 10, font id: 283, bold: false, italic: false, underlined: false, monospace: false, serif: true, smallcap: false
the 224 117 283 148 89.95845817:57:53.324 [main] INFO net.sourceforge.tess4j.TessAPITest -   font: Times_New_Roman, size: 10, font id: 283, bold: false, italic: false, underlined: false, monospace: false, serif: true, smallcap: false
$43,456.78 310 117 533 155 88.32437117:57:53.326 [main] INFO net.sourceforge.tess4j.TessAPITest -   font: Times_New_Roman, size: 10, font id: 283, bold: false, italic: false, underlined: false, monospace: false, serif: true, smallcap: false
<lazy> 561 121 696 162 92.76135317:57:53.327 [main] INFO net.sourceforge.tess4j.TessAPITest -   font: Times_New_Roman, size: 10, font id: 283, bold: false, italic: false, underlined: false, monospace: false, serif: true, smallcap: false
#90 722 123 791 154 92.21235717:57:53.328 [main] INFO net.sourceforge.tess4j.TessAPITest -   font: Times_New_Roman, size: 10, font id: 283, bold: false, italic: false, underlined: false, monospace: false, serif: true, smallcap: false
dog 818 125 887 165 89.43035117:57:53.329 [main] INFO net.sourceforge.tess4j.TessAPITest -   font: Times_New_Roman, size: 10, font id: 283, bold: false, italic: false, underlined: false, monospace: false, serif: true, smallcap: false
& 103 165 134 196 91.04525817:57:53.330 [main] INFO net.sourceforge.tess4j.TessAPITest -   font: Times_New_Roman, size: 10, font id: 283, bold: false, italic: false, underlined: false, monospace: false, serif: true, smallcap: false
duck/goose, 160 166 396 206 88.79320517:57:53.331 [main] INFO net.sourceforge.tess4j.TessAPITest -   font: Times_New_Roman, size: 10, font id: 283, bold: false, italic: false, underlined: false, monospace: false, serif: true, smallcap: false
as 424 178 463 201 92.73037717:57:53.332 [main] INFO net.sourceforge.tess4j.TessAPITest -   font: Times_New_Roman, size: 10, font id: 283, bold: false, italic: false, underlined: false, monospace: false, serif: true, smallcap: false
12.5% 493 171 614 203 91.61330417:57:53.333 [main] INFO net.sourceforge.tess4j.TessAPITest -   font: Times_New_Roman, size: 10, font id: 283, bold: false, italic: false, underlined: false, monospace: false, serif: true, smallcap: false
of 638 172 680 204 89.45312517:57:53.334 [main] INFO net.sourceforge.tess4j.TessAPITest -   font: Times_New_Roman, size: 10, font id: 283, bold: false, italic: false, underlined: false, monospace: false, serif: true, smallcap: false
E-mail 700 174 835 206 91.03539317:57:53.350 [main] INFO net.sourceforge.tess4j.TessAPITest -   font: Times_New_Roman, size: 10, font id: 283, bold: false, italic: false, underlined: false, monospace: false, serif: true, smallcap: false
from 103 215 194 247 89.33738717:57:53.351 [main] INFO net.sourceforge.tess4j.TessAPITest -   font: Times_New_Roman, size: 9, font id: 283, bold: false, italic: false, underlined: false, monospace: false, serif: true, smallcap: false
aspammer@website.com 220 219 716 260 87.22178617:57:53.353 [main] INFO net.sourceforge.tess4j.TessAPITest -   font: Times_New_Roman, size: 9, font id: 283, bold: false, italic: false, underlined: false, monospace: false, serif: true, smallcap: false
is 742 223 773 255 93.23831217:57:53.354 [main] INFO net.sourceforge.tess4j.TessAPITest -   font: Times_New_Roman, size: 9, font id: 283, bold: false, italic: false, underlined: false, monospace: false, serif: true, smallcap: false
spam. 799 233 911 264 88.83859317:57:53.356 [main] INFO net.sourceforge.tess4j.TessAPITest -   font: Times_New_Roman, size: 9, font id: 283, bold: false, italic: false, underlined: false, monospace: false, serif: true, smallcap: false
Der 102 266 173 297 89.99256117:57:53.357 [main] INFO net.sourceforge.tess4j.TessAPITest -   font: Times_New_Roman, size: 9, font id: 283, bold: false, italic: false, underlined: false, monospace: false, serif: true, smallcap: false
,,schnelle” 198 267 406 302 78.85304317:57:53.359 [main] INFO net.sourceforge.tess4j.TessAPITest -   font: Times_New_Roman, size: 9, font id: 283, bold: false, italic: false, underlined: false, monospace: false, serif: true, smallcap: false
braune 433 269 568 302 91.46485917:57:53.362 [main] INFO net.sourceforge.tess4j.TessAPITest -   font: Times_New_Roman, size: 9, font id: 283, bold: false, italic: false, underlined: false, monospace: false, serif: true, smallcap: false
Fuchs 594 272 709 304 91.18370117:57:53.364 [main] INFO net.sourceforge.tess4j.TessAPITest -   font: Times_New_Roman, size: 9, font id: 283, bold: false, italic: false, underlined: false, monospace: false, serif: true, smallcap: false
springt 735 274 877 314 83.84573417:57:53.365 [main] INFO net.sourceforge.tess4j.TessAPITest -   font: Times_New_Roman, size: 9, font id: 283, bold: false, italic: false, underlined: false, monospace: false, serif: true, smallcap: false
?ber 102 315 187 347 75.94093317:57:53.367 [main] INFO net.sourceforge.tess4j.TessAPITest -   font: Times_New_Roman, size: 9, font id: 283, bold: false, italic: false, underlined: false, monospace: false, serif: true, smallcap: false
den 212 317 280 348 91.02278117:57:53.368 [main] INFO net.sourceforge.tess4j.TessAPITest -   font: Times_New_Roman, size: 9, font id: 283, bold: false, italic: false, underlined: false, monospace: false, serif: true, smallcap: false
faulen 306 318 430 350 86.81765717:57:53.369 [main] INFO net.sourceforge.tess4j.TessAPITest -   font: Times_New_Roman, size: 9, font id: 283, bold: false, italic: false, underlined: false, monospace: false, serif: true, smallcap: false
Hund. 456 320 572 352 92.35119617:57:53.371 [main] INFO net.sourceforge.tess4j.TessAPITest -   font: Times_New_Roman, size: 9, font id: 283, bold: false, italic: false, underlined: false, monospace: false, serif: true, smallcap: false
Le 601 322 648 354 87.86200017:57:53.373 [main] INFO net.sourceforge.tess4j.TessAPITest -   font: Times_New_Roman, size: 9, font id: 283, bold: false, italic: false, underlined: false, monospace: false, serif: true, smallcap: false
renard 674 324 803 356 87.81198917:57:53.374 [main] INFO net.sourceforge.tess4j.TessAPITest -   font: Times_New_Roman, size: 9, font id: 283, bold: false, italic: false, underlined: false, monospace: false, serif: true, smallcap: false
brun 827 325 918 357 90.92222617:57:53.376 [main] INFO net.sourceforge.tess4j.TessAPITest -   font: Times_New_Roman, size: 9, font id: 283, bold: false, italic: false, underlined: false, monospace: false, serif: true, smallcap: false
«rapide» 101 366 274 405 88.68408217:57:53.378 [main] INFO net.sourceforge.tess4j.TessAPITest -   font: Times_New_Roman, size: 9, font id: 283, bold: false, italic: false, underlined: false, monospace: false, serif: true, smallcap: false
saute 302 373 403 400 88.73291017:57:53.379 [main] INFO net.sourceforge.tess4j.TessAPITest -   font: Times_New_Roman, size: 9, font id: 283, bold: false, italic: false, underlined: false, monospace: false, serif: true, smallcap: false
par-dessus 428 371 641 409 87.19146017:57:53.381 [main] INFO net.sourceforge.tess4j.TessAPITest -   font: Times_New_Roman, size: 9, font id: 283, bold: false, italic: false, underlined: false, monospace: false, serif: true, smallcap: false
le 667 372 700 404 91.22314517:57:53.382 [main] INFO net.sourceforge.tess4j.TessAPITest -   font: Times_New_Roman, size: 9, font id: 283, bold: false, italic: false, underlined: false, monospace: false, serif: true, smallcap: false
chien 725 374 833 406 90.68603517:57:53.383 [main] INFO net.sourceforge.tess4j.TessAPITest -   font: Times_New_Roman, size: 9, font id: 283, bold: false, italic: false, underlined: false, monospace: false, serif: true, smallcap: false
paresseux. 100 424 308 454 89.91584817:57:53.385 [main] INFO net.sourceforge.tess4j.TessAPITest -   font: Times_New_Roman, size: 9, font id: 283, bold: false, italic: false, underlined: false, monospace: false, serif: true, smallcap: false
La 337 419 384 450 90.14282217:57:53.386 [main] INFO net.sourceforge.tess4j.TessAPITest -   font: Times_New_Roman, size: 9, font id: 283, bold: false, italic: false, underlined: false, monospace: false, serif: true, smallcap: false
volpe 409 420 516 459 90.51208517:57:53.388 [main] INFO net.sourceforge.tess4j.TessAPITest -   font: Times_New_Roman, size: 9, font id: 283, bold: false, italic: false, underlined: false, monospace: false, serif: true, smallcap: false
marrone 543 430 707 455 89.82218917:57:53.390 [main] INFO net.sourceforge.tess4j.TessAPITest -   font: Times_New_Roman, size: 9, font id: 283, bold: false, italic: false, underlined: false, monospace: false, serif: true, smallcap: false
17:57:53.396 [Thread-3] INFO net.sourceforge.tess4j.ProgressMonitor - ocr alive: true
17:57:53.464 [Thread-3] INFO net.sourceforge.tess4j.ProgressMonitor - progress: 100
rapida 733 424 859 464 85.99107417:57:53.465 [main] INFO net.sourceforge.tess4j.TessAPITest -   font: Times_New_Roman, size: 9, font id: 283, bold: false, italic: false, underlined: false, monospace: false, serif: true, smallcap: false
salta 100 466 192 497 90.31024917:57:53.466 [main] INFO net.sourceforge.tess4j.TessAPITest -   font: Times_New_Roman, size: 10, font id: 283, bold: false, italic: false, underlined: false, monospace: false, serif: true, smallcap: false
sopra 219 475 324 507 90.34414717:57:53.466 [main] INFO net.sourceforge.tess4j.TessAPITest -   font: Times_New_Roman, size: 10, font id: 283, bold: false, italic: false, underlined: false, monospace: false, serif: true, smallcap: false
i] 351 468 376 499 90.22200017:57:53.467 [main] INFO net.sourceforge.tess4j.TessAPITest -   font: Times_New_Roman, size: 10, font id: 283, bold: false, italic: false, underlined: false, monospace: false, serif: true, smallcap: false
cane 403 478 491 501 90.80200217:57:53.469 [main] INFO net.sourceforge.tess4j.TessAPITest -   font: Times_New_Roman, size: 10, font id: 283, bold: false, italic: false, underlined: false, monospace: false, serif: true, smallcap: false
pigro. 517 471 633 511 89.40604417:57:53.471 [main] INFO net.sourceforge.tess4j.TessAPITest -   font: Times_New_Roman, size: 10, font id: 283, bold: false, italic: false, underlined: false, monospace: false, serif: true, smallcap: false
El 662 473 703 504 96.02223217:57:53.472 [main] INFO net.sourceforge.tess4j.TessAPITest -   font: Times_New_Roman, size: 10, font id: 283, bold: false, italic: false, underlined: false, monospace: false, serif: true, smallcap: false
zorro 729 482 834 506 88.81683317:57:53.473 [main] INFO net.sourceforge.tess4j.TessAPITest -   font: Times_New_Roman, size: 10, font id: 283, bold: false, italic: false, underlined: false, monospace: false, serif: true, smallcap: false
marrén 99 516 242 548 79.19206217:57:53.473 [main] INFO net.sourceforge.tess4j.TessAPITest -   font: Times_New_Roman, size: 9, font id: 283, bold: false, italic: false, underlined: false, monospace: false, serif: true, smallcap: false
répido 268 517 395 557 76.83786817:57:53.474 [main] INFO net.sourceforge.tess4j.TessAPITest -   font: Times_New_Roman, size: 9, font id: 283, bold: false, italic: false, underlined: false, monospace: false, serif: true, smallcap: false
salta 421 520 513 552 90.54591417:57:53.474 [main] INFO net.sourceforge.tess4j.TessAPITest -   font: Times_New_Roman, size: 9, font id: 283, bold: false, italic: false, underlined: false, monospace: false, serif: true, smallcap: false
sobre 540 521 644 554 93.64624017:57:53.474 [main] INFO net.sourceforge.tess4j.TessAPITest -   font: Times_New_Roman, size: 9, font id: 283, bold: false, italic: false, underlined: false, monospace: false, serif: true, smallcap: false
el 669 523 702 554 91.27502417:57:53.475 [main] INFO net.sourceforge.tess4j.TessAPITest -   font: Times_New_Roman, size: 9, font id: 283, bold: false, italic: false, underlined: false, monospace: false, serif: true, smallcap: false
perro 728 532 833 563 88.13781717:57:53.475 [main] INFO net.sourceforge.tess4j.TessAPITest -   font: Times_New_Roman, size: 9, font id: 283, bold: false, italic: false, underlined: false, monospace: false, serif: true, smallcap: false
perezoso. 98 574 284 604 89.29917117:57:53.475 [main] INFO net.sourceforge.tess4j.TessAPITest -   font: Times_New_Roman, size: 10, font id: 283, bold: false, italic: false, underlined: false, monospace: false, serif: true, smallcap: false
A 313 568 342 598 92.23022517:57:53.476 [main] INFO net.sourceforge.tess4j.TessAPITest -   font: Times_New_Roman, size: 10, font id: 283, bold: false, italic: false, underlined: false, monospace: false, serif: true, smallcap: false
raposa 369 578 497 609 91.48829717:57:53.477 [main] INFO net.sourceforge.tess4j.TessAPITest -   font: Times_New_Roman, size: 10, font id: 283, bold: false, italic: false, underlined: false, monospace: false, serif: true, smallcap: false
marrom 523 579 677 604 89.25018317:57:53.477 [main] INFO net.sourceforge.tess4j.TessAPITest -   font: Times_New_Roman, size: 10, font id: 283, bold: false, italic: false, underlined: false, monospace: false, serif: true, smallcap: false
répida 703 573 829 613 75.12800617:57:53.478 [main] INFO net.sourceforge.tess4j.TessAPITest -   font: Times_New_Roman, size: 10, font id: 283, bold: false, italic: false, underlined: false, monospace: false, serif: true, smallcap: false
salta 98 616 190 647 86.05429117:57:53.480 [main] INFO net.sourceforge.tess4j.TessAPITest -   font: Times_New_Roman, size: 10, font id: 283, bold: false, italic: false, underlined: false, monospace: false, serif: true, smallcap: false
sobre 217 617 320 649 90.23437517:57:53.481 [main] INFO net.sourceforge.tess4j.TessAPITest -   font: Times_New_Roman, size: 10, font id: 283, bold: false, italic: false, underlined: false, monospace: false, serif: true, smallcap: false
0 346 627 366 650 89.35874217:57:53.482 [main] INFO net.sourceforge.tess4j.TessAPITest -   font: Century_Schoolbook_L_Bold, size: 10, font id: 60, bold: true, italic: false, underlined: false, monospace: false, serif: true, smallcap: false
C50 391 621 456 651 72.61098517:57:53.574 [main] INFO net.sourceforge.tess4j.TessAPITest -   font: Times_New_Roman, size: 10, font id: 283, bold: false, italic: false, underlined: false, monospace: false, serif: true, smallcap: true
preguieoso. 481 621 710 661 74.68872117:57:53.575 [main] INFO net.sourceforge.tess4j.TessAPITest -   font: Times_New_Roman, size: 10, font id: 283, bold: false, italic: false, underlined: false, monospace: false, serif: true, smallcap: false
17:57:53.603 [main] INFO net.sourceforge.tess4j.TessAPITest - TessVersion
17:57:53.603 [main] INFO net.sourceforge.tess4j.TessAPITest - 3.04.01
]]></system-out>
  <system-err><![CDATA[]]></system-err>
</testsuite>
